<?xml version="1.0" encoding="UTF-8"?>
<!-- Generated by org.testng.reporters.JUnitReportReporter -->
<testsuite hostname="DESKTOP-LLLGMOJ" failures="0" tests="10" name="runner.TestRunner" time="75.797" errors="0" timestamp="2024-03-23T20:19:57 IST" skipped="0">
  <testcase classname="runner.TestRunner" name="runScenario" time="5.571"/>
  <testcase classname="runner.TestRunner" name="runScenario" time="10.177"/>
  <testcase classname="runner.TestRunner" name="runScenario" time="5.607"/>
  <testcase classname="runner.TestRunner" name="runScenario" time="0.053"/>
  <testcase classname="runner.TestRunner" name="runScenario" time="0.060"/>
  <testcase classname="runner.TestRunner" name="runScenario" time="0.065"/>
  <testcase classname="runner.TestRunner" name="runScenario" time="19.739"/>
  <testcase classname="runner.TestRunner" name="runScenario" time="19.111"/>
  <testcase classname="runner.TestRunner" name="runScenario" time="8.642"/>
  <testcase classname="runner.TestRunner" name="runScenario" time="6.772"/>
</testsuite> <!-- runner.TestRunner -->
