<?xml version="1.0" encoding="UTF-8"?>
<!-- Generated by org.testng.reporters.JUnitReportReporter -->
<testsuite hostname="DESKTOP-LLLGMOJ" failures="0" tests="1" name="brokenlinks.BrokenLinkExample2" time="184.070" errors="0" timestamp="2024-01-30T08:44:11 IST" skipped="0">
  <testcase classname="brokenlinks.BrokenLinkExample2" name="testLinks" time="184.070"/>
</testsuite> <!-- brokenlinks.BrokenLinkExample2 -->
