<?xml version="1.0" encoding="UTF-8"?>
<!-- Generated by org.testng.reporters.JUnitReportReporter -->
<testsuite hostname="DESKTOP-LLLGMOJ" failures="0" tests="2" name="testscripts.TestLeadsPage" time="7.362" errors="0" timestamp="2022-11-01T08:39:20 IST" skipped="0">
  <testcase classname="testscripts.TestLeadsPage" name="testLeadCreation" time="4.438"/>
  <system-out/>
  <testcase classname="testscripts.TestLeadsPage" name="testLeadDeletion" time="2.924"/>
  <system-out/>
</testsuite> <!-- testscripts.TestLeadsPage -->
