<?xml version="1.0" encoding="UTF-8"?>
<!-- Generated by org.testng.reporters.JUnitReportReporter -->
<testsuite hostname="DESKTOP-CO7MEAO" failures="0" tests="2" name="com.sauce_demo.test_cases.TestSwagLabs" time="13.899" errors="0" timestamp="2024-03-21T11:16:45 IST" skipped="0">
  <testcase classname="com.sauce_demo.test_cases.TestSwagLabs" name="tc_001" time="9.429"/>
  <system-out/>
  <testcase classname="com.sauce_demo.test_cases.TestSwagLabs" name="tc_002" time="4.470"/>
  <system-out/>
</testsuite> <!-- com.sauce_demo.test_cases.TestSwagLabs -->
